[00:25:34] [Server thread/INFO]: Haypzeh lost connection: Disconnected
[00:25:34] [Server thread/INFO]: Haypzeh left the game
[00:31:58] [User Authenticator #58/INFO]: UUID of player firstangel91 is 4f2882e9-942b-43c8-bb1b-8369ba75f4ea
[00:31:58] [Server thread/INFO]: firstangel91[/94.239.56.123:52185] logged in with entity id 293046 at (-1065.8610660070947, 57.0, -308.44466893328433)
[00:31:58] [Server thread/INFO]: firstangel91 joined the game
[01:17:31] [Server thread/INFO]: firstangel91 has made the advancement [The City at the End of the Game]
[01:27:52] [Server thread/INFO]: firstangel91 has made the advancement [Local Brewery]
[01:29:03] [Server thread/INFO]: firstangel91 has reached the goal [Sky's the Limit]
[02:49:41] [Server thread/INFO]: firstangel91 lost connection: Disconnected
[02:49:41] [Server thread/INFO]: firstangel91 left the game
[09:27:43] [User Authenticator #59/INFO]: UUID of player Ectomic is bbe53cba-99be-41c0-a9a3-6c6bf9dce56e
[09:27:43] [Server thread/INFO]: Ectomic[/93.23.251.220:57003] logged in with entity id 307893 at (-656.4092520080326, 70.0, -346.30000001192093)
[09:27:43] [Server thread/INFO]: Ectomic joined the game
[09:41:07] [Server thread/INFO]: <Ectomic> -1040 60 -6
[09:59:26] [Server thread/INFO]: Ectomic fell out of the world
[09:59:27] [Server thread/INFO]: Skipping update from removed player 'adj['Ectomic'/307893, l='ServerLevel[world]', x=-1302.66, y=-303.19, z=578.49, removed=KILLED]'
[09:59:27] [Server thread/INFO]: Skipping update from removed player 'adj['Ectomic'/307893, l='ServerLevel[world]', x=-1302.66, y=-306.87, z=578.49, removed=KILLED]'
[09:59:27] [Server thread/INFO]: Skipping update from removed player 'adj['Ectomic'/307893, l='ServerLevel[world]', x=-1302.66, y=-310.55, z=578.49, removed=KILLED]'
[10:00:25] [User Authenticator #60/INFO]: UUID of player Tae_Hyungg1 is 552851b4-b47e-425d-888a-a4a1fdf63032
[10:00:25] [Server thread/INFO]: Tae_Hyungg1[/88.120.245.243:25767] logged in with entity id 312750 at (-429.289335359668, 117.0, -329.16622551578183)
[10:00:25] [Server thread/INFO]: Tae_Hyungg1 joined the game
[10:00:35] [Server thread/INFO]: <Tae_Hyungg1> oe le chomage
[10:00:38] [Server thread/INFO]: <Ectomic> oeoe
[10:00:43] [Server thread/INFO]: <Ectomic> j'allais déco là
[10:00:49] [Server thread/INFO]: <Ectomic> j'viens de tomber dans l'end
[10:00:53] [Server thread/INFO]: <Ectomic> et j'ai le seum
[10:00:53] [Server thread/INFO]: <Tae_Hyungg1> vsy
[10:00:54] [Server thread/INFO]: <Ectomic> mdr
[10:00:59] [Server thread/INFO]: <Tae_Hyungg1> dit stv
[10:01:09] [Server thread/INFO]: Ectomic lost connection: Disconnected
[10:01:09] [Server thread/INFO]: Ectomic left the game
[11:45:14] [Server thread/WARN]: Mismatch in destroy block pos: gh{x=-406, y=97, z=-405} gh{x=-404, y=100, z=-412}
[11:45:31] [Server thread/WARN]: Mismatch in destroy block pos: gh{x=-411, y=100, z=-410} gh{x=-412, y=100, z=-412}
[11:45:31] [Server thread/WARN]: Mismatch in destroy block pos: gh{x=-409, y=101, z=-410} gh{x=-409, y=100, z=-409}
[11:45:31] [Server thread/WARN]: Mismatch in destroy block pos: gh{x=-409, y=101, z=-410} gh{x=-409, y=100, z=-409}
[11:45:32] [Server thread/WARN]: Mismatch in destroy block pos: gh{x=-409, y=101, z=-410} gh{x=-409, y=100, z=-409}
[11:45:32] [Server thread/WARN]: Mismatch in destroy block pos: gh{x=-409, y=101, z=-410} gh{x=-409, y=100, z=-409}
[11:45:32] [Server thread/WARN]: Mismatch in destroy block pos: gh{x=-409, y=101, z=-410} gh{x=-409, y=100, z=-409}
[11:45:32] [Server thread/WARN]: Mismatch in destroy block pos: gh{x=-409, y=101, z=-410} gh{x=-409, y=100, z=-409}
[11:46:25] [Server thread/WARN]: Mismatch in destroy block pos: gh{x=-403, y=93, z=-397} gh{x=-410, y=97, z=-401}
[11:46:25] [Server thread/WARN]: Mismatch in destroy block pos: gh{x=-403, y=93, z=-397} gh{x=-410, y=97, z=-401}
[11:46:25] [Server thread/WARN]: Mismatch in destroy block pos: gh{x=-403, y=93, z=-397} gh{x=-410, y=97, z=-401}
[11:46:25] [Server thread/WARN]: Mismatch in destroy block pos: gh{x=-403, y=93, z=-397} gh{x=-410, y=97, z=-401}
[11:46:25] [Server thread/WARN]: Mismatch in destroy block pos: gh{x=-403, y=93, z=-397} gh{x=-410, y=97, z=-401}
[11:54:30] [Server thread/INFO]: Villager bne['Villager'/330475, l='ServerLevel[world]', x=-275.72, y=67.00, z=-1874.63] died, message: 'Villager suffocated in a wall'
[12:06:38] [Server thread/INFO]: Tae_Hyungg1 has made the advancement [Fishy Business]
[12:09:14] [Server thread/INFO]: Tae_Hyungg1 has made the advancement [Best Friends Forever]
[12:13:02] [Server thread/WARN]: Horse (vehicle of Tae_Hyungg1) moved wrongly! 0.5041965829614128
[12:13:13] [Server thread/WARN]: Horse (vehicle of Tae_Hyungg1) moved wrongly! 0.31681367984225517
[12:17:02] [Server thread/WARN]: Horse (vehicle of Tae_Hyungg1) moved wrongly! 0.3930993353969825
[12:17:02] [Server thread/WARN]: Horse (vehicle of Tae_Hyungg1) moved wrongly! 0.7896656428611095
[12:18:10] [Server thread/WARN]: Horse (vehicle of Tae_Hyungg1) moved wrongly! 0.31543799059431876
[12:21:59] [Server thread/INFO]: Tae_Hyungg1 lost connection: Disconnected
[12:21:59] [Server thread/INFO]: Tae_Hyungg1 left the game
[13:12:09] [User Authenticator #61/INFO]: UUID of player Haypzeh is 2a1505f3-593c-4eb2-81b7-753117466994
[13:12:09] [Server thread/INFO]: Haypzeh[/192.168.1.12:56246] logged in with entity id 343445 at (-572.3000000119209, -51.0, -382.02302850052035)
[13:12:09] [Server thread/INFO]: Haypzeh joined the game
[13:12:58] [User Authenticator #62/INFO]: UUID of player Ectomic is bbe53cba-99be-41c0-a9a3-6c6bf9dce56e
[13:12:58] [Server thread/INFO]: Ectomic[/93.23.249.86:54128] logged in with entity id 343779 at (-647.951483643752, 63.0, -388.725077196573)
[13:12:58] [Server thread/INFO]: Ectomic joined the game
[13:19:57] [Server thread/INFO]: Haypzeh lost connection: Disconnected
[13:19:57] [Server thread/INFO]: Haypzeh left the game
[13:20:08] [Server thread/INFO]: Ectomic lost connection: Disconnected
[13:20:08] [Server thread/INFO]: Ectomic left the game
[14:03:07] [User Authenticator #63/INFO]: UUID of player Tae_Hyungg1 is 552851b4-b47e-425d-888a-a4a1fdf63032
[14:03:07] [Server thread/INFO]: Tae_Hyungg1[/88.120.245.243:28390] logged in with entity id 344999 at (-431.9394245110676, 110.5, -332.79042664289676)
[14:03:07] [Server thread/INFO]: Tae_Hyungg1 joined the game
[14:31:51] [Server thread/INFO]: Stopping the server
[14:31:51] [Server thread/INFO]: Stopping server
[14:31:51] [Server thread/INFO]: Saving players
[14:31:51] [Server thread/INFO]: Saving worlds
[14:31:51] [Server thread/INFO]: Saving chunks for level 'ServerLevel[world]'/minecraft:overworld
[14:31:51] [Server thread/INFO]: Saving chunks for level 'ServerLevel[world]'/minecraft:the_nether
[14:31:51] [Server thread/INFO]: Saving chunks for level 'ServerLevel[world]'/minecraft:the_end
[14:31:52] [Server thread/INFO]: ThreadedAnvilChunkStorage (world): All chunks are saved
[14:31:52] [Server thread/INFO]: ThreadedAnvilChunkStorage (DIM-1): All chunks are saved
[14:31:52] [Server thread/INFO]: ThreadedAnvilChunkStorage (DIM1): All chunks are saved
[14:31:52] [Server thread/INFO]: ThreadedAnvilChunkStorage: All dimensions are saved
